00:00:00.231 |I| Configuration LogValueChange: ResScale set to: 1
00:00:00.244 |I| Configuration LogValueChange: ResScaleCustom set to: 1
00:00:00.244 |I| Configuration LogValueChange: MaxAnisotropy set to: -1
00:00:00.244 |I| Configuration LogValueChange: AspectRatio set to: Fixed16x9
00:00:00.245 |I| Configuration LogValueChange: PreferredGpu set to: 
00:00:00.246 |I| Configuration LogValueChange: ScalingFilterLevel set to: 80
00:00:00.246 |I| Configuration LogValueChange: CustomVSyncInterval set to: 120
00:00:00.246 |I| Configuration LogValueChange: EnableShaderCache set to: True
00:00:00.246 |I| Configuration LogValueChange: EnableMacroHLE set to: True
00:00:00.247 |I| Configuration LogValueChange: Language set to: AmericanEnglish
00:00:00.247 |I| Configuration LogValueChange: Region set to: USA
00:00:00.247 |I| Configuration LogValueChange: TimeZone set to: UTC
00:00:00.248 |I| Configuration LogValueChange: EnableDockedMode set to: True
00:00:00.248 |I| Configuration LogValueChange: EnablePtc set to: True
00:00:00.248 |I| Configuration LogValueChange: EnableFsIntegrityChecks set to: True
00:00:00.249 |I| Configuration LogValueChange: AudioBackend set to: SDL2
00:00:00.249 |I| Configuration LogValueChange: AudioVolume set to: 1
00:00:00.250 |I| Configuration LogValueChange: MemoryManagerMode set to: HostMappedUnsafe
00:00:00.250 |I| Configuration LogValueChange: UseHypervisor set to: True
00:00:00.252 |I| Configuration LogValueChange: LdnPassphrase set to: 
00:00:00.252 |I| Configuration LogValueChange: LdnServer set to: 
00:00:00.252 |I| Configuration LogValueChange: GdbStubPort set to: 55555
00:00:00.262 |W| Application GetActualScaleFactor: Couldn't determine monitor DPI: Wayland not yet supported
00:00:00.263 |N| Application PrintSystemInfo:    ___                 __    _              
00:00:00.263 |N| Application PrintSystemInfo:   / _ \  __ __ __ __  / /   (_)  ___   ___ _
00:00:00.263 |N| Application PrintSystemInfo:  / , _/ / // // // / / _ \ / /  / _ \ / _ `/
00:00:00.263 |N| Application PrintSystemInfo: /_/|_|  \_, / \_,_/ /_.__//_/  /_//_/ \_, / 
00:00:00.263 |N| Application PrintSystemInfo:        /___/                         /___/  
00:00:00.263 |N| Application PrintSystemInfo: Ryujinx Version: 1.3.3+b5bb28c287be54233d485bca2caf7566a5ff4ffa
00:00:00.263 |N| Application PrintSystemInfo: .NET Runtime: .NET 9.0.9
00:00:00.272 |N| Application PrintSystemInfo: Operating System: Arch Linux (X64)
00:00:00.272 |N| Application PrintSystemInfo: CPU: 13th Gen Intel(R) Core(TM) i9-13900HX ; 32 logical
00:00:00.275 |N| Application PrintSystemInfo: RAM: Total 31.1 GiB ; Available 25.7 GiB
00:00:00.278 |N| Application PrintSystemInfo: Logs Enabled: Info, Warning, Error, Guest, Stub
00:00:00.278 |N| Application PrintSystemInfo: Launch Mode: UserProfile
00:00:17.308 |E| .NET TP Worker ServiceTime InitializeLocationNameCache: TimeZoneBinary system title not found! TimeZone conversions will not work, provide the system archive to fix this error.
00:00:38.535 |I| Configuration LogValueChange: Language set to: Chinese
00:00:38.537 |I| Configuration LogValueChange: SystemTimeOffset set to: -21
00:00:38.537 |I| Configuration LogValueChange: TickScalar set to: 50
00:00:38.537 |I| Configuration LogValueChange: PreferredGpu set to: 0x10DE_0x28A0
00:00:39.951 |I| Configuration LogValueChange: SystemTimeOffset set to: -23
00:00:53.435 |E| .NET TP Worker ServiceTime InitializeLocationNameCache: TimeZoneBinary system title not found! TimeZone conversions will not work, provide the system archive to fix this error.
00:00:56.353 |N| Application ReloadConfig: Loading configuration from: /home/[redacted]/.config/Ryujinx/Config.json
