2025-10-16 06:31:24 Loading main app package /usr/lib/obsidian/obsidian.asar
2025-10-16 06:31:24 Checking for update using Github
2025-10-16 06:31:25 Failed to check for update using Github (net::ERR_CONNECTION_REFUSED)
2025-10-16 06:31:25 Checking for update using obsidian.md
2025-10-16 06:31:25 Failed to check for update using obsidian.md (Unexpected end of JSON input)
2025-10-16 06:32:39 Loading main app package /usr/lib/obsidian/obsidian.asar
2025-10-16 06:32:39 Checking for update using Github
2025-10-16 06:32:39 Failed to check for update using Github (net::ERR_CONNECTION_REFUSED)
2025-10-16 06:32:39 Checking for update using obsidian.md
2025-10-16 06:32:40 Failed to check for update using obsidian.md (Unexpected end of JSON input)
2025-10-17 09:27:20 Loading main app package /usr/lib/obsidian/obsidian.asar
2025-10-17 09:27:21 Checking for update using Github
2025-10-17 09:27:21 Failed to check for update using Github (net::ERR_CONNECTION_REFUSED)
2025-10-17 09:27:21 Checking for update using obsidian.md
2025-10-17 09:27:21 Failed to check for update using obsidian.md (Unexpected end of JSON input)
2025-10-17 09:27:56 Loading main app package /usr/lib/obsidian/obsidian.asar
2025-10-17 09:27:57 Checking for update using Github
2025-10-17 09:27:57 Failed to check for update using Github (net::ERR_CONNECTION_REFUSED)
2025-10-17 09:27:57 Checking for update using obsidian.md
2025-10-17 09:27:57 Failed to check for update using obsidian.md (Unexpected end of JSON input)
2025-10-17 09:42:29 Loading main app package /usr/lib/obsidian/obsidian.asar
2025-10-17 09:42:30 Checking for update using Github
2025-10-17 09:42:30 Failed to check for update using Github (net::ERR_CONNECTION_REFUSED)
2025-10-17 09:42:30 Checking for update using obsidian.md
2025-10-17 09:42:31 Failed to check for update using obsidian.md (Unexpected end of JSON input)
2025-10-18 10:57:21 Loading main app package /usr/lib/obsidian/obsidian.asar
2025-10-18 10:57:21 Checking for update using Github
2025-10-18 10:57:21 Failed to check for update using Github (net::ERR_CONNECTION_REFUSED)
2025-10-18 10:57:21 Checking for update using obsidian.md
2025-10-18 10:57:22 Failed to check for update using obsidian.md (Unexpected end of JSON input)
2025-10-18 11:01:16 Loading main app package /usr/lib/obsidian/obsidian.asar
2025-10-18 11:01:17 Checking for update using Github
2025-10-18 11:01:17 Failed to check for update using Github (net::ERR_CONNECTION_REFUSED)
2025-10-18 11:01:17 Checking for update using obsidian.md
2025-10-18 11:01:17 Failed to check for update using obsidian.md (Unexpected end of JSON input)
2025-10-18 23:39:04 Loading main app package /usr/lib/obsidian/obsidian.asar
2025-10-18 23:39:04 Checking for update using Github
2025-10-18 23:39:04 Failed to check for update using Github (net::ERR_CONNECTION_REFUSED)
2025-10-18 23:39:04 Checking for update using obsidian.md
2025-10-18 23:39:05 Failed to check for update using obsidian.md (Unexpected end of JSON input)
2025-10-18 23:43:19 Loading main app package /usr/lib/obsidian/obsidian.asar
2025-10-18 23:43:20 Checking for update using Github
2025-10-18 23:43:27 Loading main app package /usr/lib/obsidian/obsidian.asar
2025-10-18 23:43:27 Checking for update using Github
2025-10-18 23:45:43 Loading main app package /usr/lib/obsidian/obsidian.asar
2025-10-18 23:45:43 Checking for update using Github
2025-10-18 23:45:43 Failed to check for update using Github (net::ERR_CONNECTION_REFUSED)
2025-10-18 23:45:43 Checking for update using obsidian.md
2025-10-18 23:45:44 Failed to check for update using obsidian.md (Unexpected end of JSON input)
