2025-10-14 09:31:37.271 - [ 11828] - [     1] - INFO  - [Unity.Licensing.Client.Program] Command line arguments:  --namedPipe Unity-LicenseClient-tantao --cloudEnvironment production
2025-10-14 09:31:37.278 - [ 11828] - [     1] - INFO  - [Unity.Licensing.Client.Program] Analytics CorrelationId: 1b4d6e94669993c3867993b4a3583f50
2025-10-14 09:31:37.280 - [ 11828] - [    13] - INFO  - [Unity.Licensing.Client.PipeServerExecutor] GlobalMutex Unity-LicenseClient-tantao created (on thread: 13)
2025-10-14 09:31:37.281 - [ 11828] - [    14] - WARN  - [Unity.Licensing.Client.Services.Licensing.LicensingServiceConfiguration] Floating license server is not configured
2025-10-14 09:31:37.282 - [ 11828] - [     5] - INFO  - [Unity.Licensing.Client.MultiClientPipeServer] Starting named pipe server (on thread: 5)
2025-10-14 09:31:37.283 - [ 11828] - [    14] - INFO  - [Unity.Licensing.Client.Services.EntitlementResolverProvider] Rebuilding resolvers from local files:  
2025-10-14 09:31:37.284 - [ 11828] - [    14] - INFO  - [Unity.Licensing.Client.Services.EntitlementResolverProvider] Processed 0 license files in 00:00:00.0002315
2025-10-14 09:31:37.284 - [ 11828] - [.NET Long Running Task] - INFO  - [Unity.Licensing.Client.MultiClientPipeServer] Waiting for a connection (pipe #1)
2025-10-14 09:31:37.284 - [ 11828] - [     5] - INFO  - [Unity.Licensing.Client.MultiClientPipeServer] Named pipe server started
2025-10-14 09:31:37.286 - [ 11828] - [     5] - INFO  - [Unity.Licensing.Client.Communication.Notifications.NotificationsPipeServer] Starting named pipe server (on thread: 5)
2025-10-14 09:31:37.286 - [ 11828] - [     5] - INFO  - [Unity.Licensing.Client.Communication.Notifications.NotificationsPipeServer] Named pipe server started
2025-10-14 09:31:37.286 - [ 11828] - [.NET Long Running Task] - INFO  - [Unity.Licensing.Client.Communication.Notifications.NotificationsPipeServer] Waiting for a connection (pipe #1)
2025-10-14 09:31:37.289 - [ 11828] - [    14] - INFO  - [Unity.Licensing.Client.Services.Replication.InactiveLicenseFileCleaner] Start cleaning expired and inactive license file(s): 

2025-10-14 09:31:37.290 - [ 11828] - [    14] - INFO  - [Unity.Licensing.Client.Services.Replication.InactiveLicenseFileCleaner] Cleanup finished successfully, deleted 0 expired license file(s)
2025-10-14 09:31:37.290 - [ 11828] - [.NET Long Running Task] - INFO  - [Unity.Licensing.Client.MultiClientPipeServer] Waiting for a connection (pipe #2)
2025-10-14 09:31:37.290 - [ 11828] - [    14] - WARN  - [Unity.Licensing.Client.Services.LicensingOrchestrator] Unable to find valid licenses and remote licensing service is not configured
2025-10-14 09:31:37.292 - [ 11828] - [     9] - INFO  - [Unity.Licensing.Client.Communication.ApiPipeHandler#1] new pipe session: 3797e223f76941f0aaf95529206b0955
2025-10-14 09:31:37.295 - [ 11828] - [     9] - INFO  - [Unity.Licensing.Client.MultiClientPipeServer] A new client is connecting (pipe #1)
2025-10-14 09:31:37.295 - [ 11828] - [     9] - INFO  - [Unity.Licensing.Client.Communication.ApiPipeHandler#1] Start accepting requests
2025-10-14 09:31:37.330 - [ 11828] - [     9] - INFO  - [Unity.Licensing.Client.Communication.Controllers.HandshakeController] Received handshake from: Hub 3.14.1 (LocalIPC/1.17.1)
2025-10-14 09:31:37.333 - [ 11828] - [    20] - INFO  - [Unity.Licensing.Client.Services.Package.PackageEnforcer] Trying to update PACL ...
2025-10-14 09:31:37.339 - [ 11828] - [     9] - INFO  - [Unity.Licensing.Client.Communication.ApiPipeHandler#1] REQ-1 | Sending HandshakeResponse for request HandshakeRequest from Hub 3.14.1 (LocalIPC/1.17.1) [200]:  Handshake successful
2025-10-14 09:31:37.339 - [ 11828] - [    20] - INFO  - [Unity.Licensing.Client.Services.Package.PackageService] Getting PACL from remote uri: "https://license.unity3d.com/licenses/v1/packages/acl" ...
2025-10-14 09:31:37.343 - [ 11828] - [.NET Long Running Task] - INFO  - [Unity.Licensing.Client.Communication.Notifications.NotificationsPipeServer] Waiting for a connection (pipe #2)
2025-10-14 09:31:37.343 - [ 11828] - [    22] - INFO  - [Unity.Licensing.Client.Communication.Notifications.NotificationsPipeServer] A new client is connecting (pipe #1)
2025-10-14 09:31:37.374 - [ 11828] - [     9] - INFO  - [Unity.Licensing.Client.Services.EntitlementResolverProvider] Rebuilding resolvers from local files:  
2025-10-14 09:31:37.374 - [ 11828] - [     9] - INFO  - [Unity.Licensing.Client.Services.EntitlementResolverProvider] Processed 0 license files in 00:00:00.0000083
2025-10-14 09:31:37.375 - [ 11828] - [     9] - INFO  - [Unity.Licensing.Client.Services.EntitlementResolverProvider] Rebuilding resolvers from local files:  
2025-10-14 09:31:37.375 - [ 11828] - [     9] - INFO  - [Unity.Licensing.Client.Services.EntitlementResolverProvider] Processed 0 license files in 00:00:00.0000026
2025-10-14 09:31:37.377 - [ 11828] - [     9] - INFO  - [Unity.Licensing.Client.Communication.ApiPipeHandler#1] REQ-2 | Sending EntitlementGroupsDetailsResponse for request EntitlementGroupsDetailsRequest from Hub 3.14.1 (LocalIPC/1.17.1) [200]:  Success, found: 0 groups
2025-10-14 09:31:37.390 - [ 11828] - [     9] - INFO  - [Unity.Licensing.Client.Services.EntitlementResolverProvider] Rebuilding resolvers from local files:  
2025-10-14 09:31:37.390 - [ 11828] - [     9] - INFO  - [Unity.Licensing.Client.Services.EntitlementResolverProvider] Processed 0 license files in 00:00:00.0000038
2025-10-14 09:31:37.390 - [ 11828] - [     9] - INFO  - [Unity.Licensing.Client.Services.EntitlementResolverProvider] Rebuilding resolvers from local files:  
2025-10-14 09:31:37.390 - [ 11828] - [     9] - INFO  - [Unity.Licensing.Client.Services.EntitlementResolverProvider] Processed 0 license files in 00:00:00.0000055
2025-10-14 09:31:37.390 - [ 11828] - [     9] - INFO  - [Unity.Licensing.Client.Communication.ApiPipeHandler#1] REQ-3 | Sending EntitlementGroupsDetailsResponse for request EntitlementGroupsDetailsRequest from Hub 3.14.1 (LocalIPC/1.17.1) [200]:  Success, found: 0 groups
2025-10-14 09:31:37.421 - [ 11828] - [     9] - INFO  - [Unity.Licensing.Client.Services.EntitlementResolverProvider] Rebuilding resolvers from local files:  
2025-10-14 09:31:37.421 - [ 11828] - [     9] - INFO  - [Unity.Licensing.Client.Services.EntitlementResolverProvider] Processed 0 license files in 00:00:00.0000028
2025-10-14 09:31:37.421 - [ 11828] - [     9] - INFO  - [Unity.Licensing.Client.Services.EntitlementResolverProvider] Rebuilding resolvers from local files:  
2025-10-14 09:31:37.421 - [ 11828] - [     9] - INFO  - [Unity.Licensing.Client.Services.EntitlementResolverProvider] Processed 0 license files in 00:00:00.0000006
2025-10-14 09:31:37.421 - [ 11828] - [     9] - INFO  - [Unity.Licensing.Client.Communication.ApiPipeHandler#1] REQ-4 | Sending EntitlementGroupsDetailsResponse for request EntitlementGroupsDetailsRequest from Hub 3.14.1 (LocalIPC/1.17.1) [200]:  Success, found: 0 groups
2025-10-14 09:31:37.594 - [ 11828] - [     7] - INFO  - [Unity.Licensing.Client.Configuration.ClientConfigurationLoader] Downloaded remote config from: "https://public-cdn.cloud.unity3d.com/config/production"
2025-10-14 09:31:37.595 - [ 11828] - [     7] - INFO  - [Unity.Licensing.Client.Configuration.ClientConfigurationLoader] Unity remote config is updated: "/home/tantao/.config/unity3d/Unity/config/production.json"
2025-10-14 09:31:37.596 - [ 11828] - [     9] - INFO  - [Unity.Licensing.Client.Communication.ApiPipeHandler#1] REQ-5 | Sending EntitlementsResponse for request EntitlementsRequest from Hub 3.14.1 (LocalIPC/1.17.1) [200]:  Found 0 entitlements
2025-10-14 09:31:37.745 - [ 11828] - [    11] - INFO  - [Unity.Licensing.Client.CommandExecutors.Startup.ProgramInitializer] Running in production mode
2025-10-14 09:31:37.745 - [ 11828] - [    11] - INFO  - [Unity.Licensing.Client.CommandExecutors.Startup.ProgramInitializer] Client product version: 1.17.1+ae67fbc
2025-10-14 09:31:37.745 - [ 11828] - [    11] - INFO  - [Unity.Licensing.Client.CommandExecutors.Startup.ProgramInitializer] Client assembly version: 1.17.1.0
2025-10-14 09:31:37.745 - [ 11828] - [    11] - INFO  - [Unity.Licensing.Client.CommandExecutors.Startup.ProgramInitializer] File version: 1.17.1 (/opt/unityhub/UnityLicensingClient_V1/Unity.Licensing.Client.dll)
2025-10-14 09:31:37.745 - [ 11828] - [    11] - INFO  - [Unity.Licensing.Client.CommandExecutors.Startup.ProgramInitializer] Current OS: Linux 6.17.1-arch1-1 #1 SMP PREEMPT_DYNAMIC Mon, 06 Oct 2025 18:48:29 +0000
2025-10-14 09:31:38.619 - [ 11828] - [     7] - INFO  - [Unity.Licensing.Client.Services.Package.PackageService] New PACL file is written successfully from remote uri: "https://license.unity3d.com/licenses/v1/packages/acl"
2025-10-14 09:31:38.620 - [ 11828] - [     7] - INFO  - [Unity.Licensing.Client.Services.Package.PackageEnforcer] Successfully updated PACL file after 1 attempt(s). Next update in 24.00 hours.
2025-10-14 09:31:38.621 - [ 11828] - [     7] - INFO  - [Unity.Licensing.Client.Services.Package.PackageEnforcer] Loading remote PACL, revision: 39, version: 1.0
2025-10-14 09:31:38.687 - [ 11828] - [     9] - INFO  - [Unity.Licensing.Client.Communication.Controllers.EntitlementDetailsController] Finished handling EntitlementDetails request
2025-10-14 09:31:38.689 - [ 11828] - [     9] - INFO  - [Unity.Licensing.Client.Communication.ApiPipeHandler#1] REQ-6 | Sending EntitlementDetailsResponse for request EntitlementDetailsRequest from Hub 3.14.1 (LocalIPC/1.17.1) [404]:  Found 0 entitlement groups and 0 free entitlements matching requested entitlement ids
2025-10-14 09:31:38.698 - [ 11828] - [     9] - INFO  - [Unity.Licensing.Client.Services.EntitlementResolverProvider] Rebuilding resolvers from local files:  
2025-10-14 09:31:38.698 - [ 11828] - [     9] - INFO  - [Unity.Licensing.Client.Services.EntitlementResolverProvider] Processed 0 license files in 00:00:00.0000073
2025-10-14 09:31:38.698 - [ 11828] - [     9] - INFO  - [Unity.Licensing.Client.Services.EntitlementResolverProvider] Rebuilding resolvers from local files:  
2025-10-14 09:31:38.698 - [ 11828] - [     9] - INFO  - [Unity.Licensing.Client.Services.EntitlementResolverProvider] Processed 0 license files in 00:00:00.0000018
2025-10-14 09:31:38.698 - [ 11828] - [     9] - INFO  - [Unity.Licensing.Client.Communication.ApiPipeHandler#1] REQ-7 | Sending EntitlementGroupsDetailsResponse for request EntitlementGroupsDetailsRequest from Hub 3.14.1 (LocalIPC/1.17.1) [200]:  Success, found: 0 groups
2025-10-14 09:31:38.708 - [ 11828] - [     9] - INFO  - [Unity.Licensing.Client.Communication.Controllers.EntitlementDetailsController] Finished handling EntitlementDetails request
2025-10-14 09:31:38.708 - [ 11828] - [     9] - INFO  - [Unity.Licensing.Client.Communication.ApiPipeHandler#1] REQ-8 | Sending EntitlementDetailsResponse for request EntitlementDetailsRequest from Hub 3.14.1 (LocalIPC/1.17.1) [404]:  Found 0 entitlement groups and 0 free entitlements matching requested entitlement ids
2025-10-14 09:31:38.715 - [ 11828] - [     9] - INFO  - [Unity.Licensing.Client.Communication.ApiPipeHandler#1] REQ-9 | Sending EntitlementsResponse for request EntitlementsRequest from Hub 3.14.1 (LocalIPC/1.17.1) [200]:  Found 0 entitlements
2025-10-14 09:32:20.619 - [ 11828] - [     9] - INFO  - [Unity.Licensing.Client.Communication.ApiPipeHandler#1] REQ-10 | Sending EntitlementsResponse for request EntitlementsRequest from Hub 3.14.1 (LocalIPC/1.17.1) [200]:  Found 0 entitlements
2025-10-14 09:32:20.626 - [ 11828] - [     9] - INFO  - [Unity.Licensing.Client.Communication.Controllers.AccessTokenController] Got access token (expires in 30758400 seconds)
2025-10-14 09:32:20.628 - [ 11828] - [     9] - INFO  - [Unity.Licensing.Client.Communication.ApiPipeHandler#1] REQ-11 | Sending AccessTokenResponse for request AccessTokenRequest from Hub 3.14.1 (LocalIPC/1.17.1) [200]:  (null)
2025-10-14 09:32:20.642 - [ 11828] - [     9] - INFO  - [Unity.Licensing.Client.Services.EntitlementResolverProvider] Rebuilding resolvers from local files:  
2025-10-14 09:32:20.642 - [ 11828] - [     9] - INFO  - [Unity.Licensing.Client.Services.EntitlementResolverProvider] Processed 0 license files in 00:00:00.0000082
2025-10-14 09:32:20.643 - [ 11828] - [     9] - INFO  - [Unity.Licensing.Client.Services.EntitlementResolverProvider] Rebuilding resolvers from local files:  
2025-10-14 09:32:20.643 - [ 11828] - [     9] - INFO  - [Unity.Licensing.Client.Services.EntitlementResolverProvider] Processed 0 license files in 00:00:00.0000005
2025-10-14 09:32:20.643 - [ 11828] - [     9] - INFO  - [Unity.Licensing.Client.Communication.ApiPipeHandler#1] REQ-12 | Sending EntitlementGroupsDetailsResponse for request EntitlementGroupsDetailsRequest from Hub 3.14.1 (LocalIPC/1.17.1) [200]:  Success, found: 0 groups
2025-10-14 09:32:20.910 - [ 11828] - [     9] - INFO  - [Unity.Licensing.Client.Services.Licensing.GenesisLicensingService] Attempting to contact genesis update license api
2025-10-14 09:32:21.118 - [ 11828] - [    21] - INFO  - [Unity.Licensing.Client.Services.Licensing.GenesisLicensingService] Trying to write updated entitlement license file...
2025-10-14 09:32:21.118 - [ 11828] - [    21] - INFO  - [Unity.Licensing.Client.Services.Licensing.GenesisLicensingService] Successfully updated license file
2025-10-14 09:32:21.143 - [ 11828] - [     9] - INFO  - [Unity.Licensing.Client.Services.Helpers.LicenseFilesMapper] Successfully parsed license /home/tantao/.config/unity3d/Unity/licenses/UnityEntitlementLicense.xml
2025-10-14 09:32:21.143 - [ 11828] - [     9] - INFO  - [Unity.Licensing.Client.Services.EntitlementResolverProvider] Rebuilding resolvers from local files:  /home/tantao/.config/unity3d/Unity/licenses/UnityEntitlementLicense.xml
2025-10-14 09:32:21.143 - [ 11828] - [     9] - INFO  - [Unity.Licensing.Client.Services.EntitlementResolverProvider] Processing license /home/tantao/.config/unity3d/Unity/licenses/UnityEntitlementLicense.xml
2025-10-14 09:32:21.144 - [ 11828] - [     9] - INFO  - [Unity.Licensing.Client.Services.EntitlementResolverProvider] Processed 1 license files in 00:00:00.0011132
2025-10-14 09:32:21.149 - [ 11828] - [     9] - INFO  - [Unity.Licensing.Client.Services.LicenseOfflineValidityEndingPeriodicNotifierService] OnEntitlementResolverUpdated, will restart timer
2025-10-14 09:32:21.152 - [ 11828] - [    21] - INFO  - [Unity.Licensing.Client.Services.Notification.NotificationHub] Sending notification to 1 client: [LicenseUpdate] License updated: Your license was updated sent on 2025-10-14T09:32:21.1519051Z[{"EntitlementGroupId":"ewogICJzdWJzR3JvdXAiIDogInVuaXR5IGVkaXRvciIsCiAgIm5hbWVzcGFjZSIgOiAidW5pdHlfZWRpdG9yIiwKICAidHlwZSIgOiAiRURJVE9SIiwKICAidGFnIiA6ICJVbml0eVBlcnNvbmFsIgp9","ProductName":"Unity Personal Version","UpdateType":"Added","Reason":"EntitlementGroupAdded"}]
2025-10-14 09:32:21.153 - [ 11828] - [     9] - INFO  - [Unity.Licensing.Client.Communication.ApiPipeHandler#1] REQ-13 | Sending ActivationManagementResponse for request ActivationManagementRequest from Hub 3.14.1 (LocalIPC/1.17.1) [207]:  Successfully processed activation management call
2025-10-14 09:32:21.156 - [ 11828] - [     7] - INFO  - [Unity.Licensing.Client.Services.LicenseOfflineValidityEndingPeriodicNotifierService] Will execute periodic notification again in 22.17:26:38.8451283
2025-10-14 09:32:21.170 - [ 11828] - [     9] - INFO  - [Unity.Licensing.Client.Services.Helpers.LicenseFilesMapper] Successfully parsed license /home/tantao/.config/unity3d/Unity/licenses/UnityEntitlementLicense.xml
2025-10-14 09:32:21.170 - [ 11828] - [     9] - INFO  - [Unity.Licensing.Client.Services.EntitlementResolverProvider] Rebuilding resolvers from local files:  /home/tantao/.config/unity3d/Unity/licenses/UnityEntitlementLicense.xml
2025-10-14 09:32:21.170 - [ 11828] - [     9] - INFO  - [Unity.Licensing.Client.Services.EntitlementResolverProvider] Processing license /home/tantao/.config/unity3d/Unity/licenses/UnityEntitlementLicense.xml
2025-10-14 09:32:21.170 - [ 11828] - [     9] - INFO  - [Unity.Licensing.Client.Services.EntitlementResolverProvider] Processed 1 license files in 00:00:00.0000650
2025-10-14 09:32:21.176 - [ 11828] - [     9] - INFO  - [Unity.Licensing.Client.Services.Helpers.LicenseFilesMapper] Successfully parsed license /home/tantao/.config/unity3d/Unity/licenses/UnityEntitlementLicense.xml
2025-10-14 09:32:21.176 - [ 11828] - [     9] - INFO  - [Unity.Licensing.Client.Services.EntitlementResolverProvider] Rebuilding resolvers from local files:  /home/tantao/.config/unity3d/Unity/licenses/UnityEntitlementLicense.xml
2025-10-14 09:32:21.176 - [ 11828] - [     9] - INFO  - [Unity.Licensing.Client.Services.EntitlementResolverProvider] Processing license /home/tantao/.config/unity3d/Unity/licenses/UnityEntitlementLicense.xml
2025-10-14 09:32:21.176 - [ 11828] - [     9] - INFO  - [Unity.Licensing.Client.Services.EntitlementResolverProvider] Processed 1 license files in 00:00:00.0000429
2025-10-14 09:32:21.179 - [ 11828] - [     9] - INFO  - [Unity.Licensing.Client.Communication.ApiPipeHandler#1] REQ-14 | Sending EntitlementGroupsDetailsResponse for request EntitlementGroupsDetailsRequest from Hub 3.14.1 (LocalIPC/1.17.1) [200]:  Success, found: 1 groups
2025-10-14 09:32:21.192 - [ 11828] - [     9] - INFO  - [Unity.Licensing.Client.Communication.ApiPipeHandler#1] REQ-15 | Sending EntitlementsResponse for request EntitlementsRequest from Hub 3.14.1 (LocalIPC/1.17.1) [200]:  Found 1 entitlements
2025-10-14 09:32:37.618 - [ 11828] - [     9] - INFO  - [Unity.Licensing.Client.Communication.ApiPipeHandler#1] REQ-16 | Sending EntitlementsResponse for request EntitlementsRequest from Hub 3.14.1 (LocalIPC/1.17.1) [200]:  Found 1 entitlements
2025-10-14 09:32:58.853 - [ 11828] - [     9] - INFO  - [Unity.Licensing.Client.Services.Helpers.LicenseFilesMapper] Successfully parsed license /home/tantao/.config/unity3d/Unity/licenses/UnityEntitlementLicense.xml
2025-10-14 09:32:58.853 - [ 11828] - [     9] - INFO  - [Unity.Licensing.Client.Services.EntitlementResolverProvider] Rebuilding resolvers from local files:  /home/tantao/.config/unity3d/Unity/licenses/UnityEntitlementLicense.xml
2025-10-14 09:32:58.853 - [ 11828] - [     9] - INFO  - [Unity.Licensing.Client.Services.EntitlementResolverProvider] Processing license /home/tantao/.config/unity3d/Unity/licenses/UnityEntitlementLicense.xml
2025-10-14 09:32:58.853 - [ 11828] - [     9] - INFO  - [Unity.Licensing.Client.Services.EntitlementResolverProvider] Processed 1 license files in 00:00:00.0000479
2025-10-14 09:32:58.858 - [ 11828] - [     9] - INFO  - [Unity.Licensing.Client.Services.Helpers.LicenseFilesMapper] Successfully parsed license /home/tantao/.config/unity3d/Unity/licenses/UnityEntitlementLicense.xml
2025-10-14 09:32:58.858 - [ 11828] - [     9] - INFO  - [Unity.Licensing.Client.Services.EntitlementResolverProvider] Rebuilding resolvers from local files:  /home/tantao/.config/unity3d/Unity/licenses/UnityEntitlementLicense.xml
2025-10-14 09:32:58.858 - [ 11828] - [     9] - INFO  - [Unity.Licensing.Client.Services.EntitlementResolverProvider] Processing license /home/tantao/.config/unity3d/Unity/licenses/UnityEntitlementLicense.xml
2025-10-14 09:32:58.858 - [ 11828] - [     9] - INFO  - [Unity.Licensing.Client.Services.EntitlementResolverProvider] Processed 1 license files in 00:00:00.0000296
2025-10-14 09:32:58.858 - [ 11828] - [     9] - INFO  - [Unity.Licensing.Client.Communication.ApiPipeHandler#1] REQ-17 | Sending EntitlementGroupsDetailsResponse for request EntitlementGroupsDetailsRequest from Hub 3.14.1 (LocalIPC/1.17.1) [200]:  Success, found: 1 groups
2025-10-14 09:32:58.870 - [ 11828] - [     9] - INFO  - [Unity.Licensing.Client.Communication.ApiPipeHandler#1] REQ-18 | Sending EntitlementsResponse for request EntitlementsRequest from Hub 3.14.1 (LocalIPC/1.17.1) [200]:  Found 1 entitlements
2025-10-14 09:33:01.109 - [ 11828] - [     9] - INFO  - [Unity.Licensing.Client.Communication.Controllers.EntitlementDetailsController] Finished handling EntitlementDetails request
2025-10-14 09:33:01.109 - [ 11828] - [     9] - INFO  - [Unity.Licensing.Client.Communication.ApiPipeHandler#1] REQ-19 | Sending EntitlementDetailsResponse for request EntitlementDetailsRequest from Hub 3.14.1 (LocalIPC/1.17.1) [404]:  Found 0 entitlement groups and 0 free entitlements matching requested entitlement ids
2025-10-14 09:33:01.132 - [ 11828] - [     9] - INFO  - [Unity.Licensing.Client.Communication.Controllers.EntitlementDetailsController] Finished handling EntitlementDetails request
2025-10-14 09:33:01.132 - [ 11828] - [     9] - INFO  - [Unity.Licensing.Client.Communication.ApiPipeHandler#1] REQ-20 | Sending EntitlementDetailsResponse for request EntitlementDetailsRequest from Hub 3.14.1 (LocalIPC/1.17.1) [404]:  Found 0 entitlement groups and 0 free entitlements matching requested entitlement ids
2025-10-14 09:33:04.678 - [ 11828] - [     9] - INFO  - [Unity.Licensing.Client.Communication.Controllers.EntitlementDetailsController] Finished handling EntitlementDetails request
2025-10-14 09:33:04.678 - [ 11828] - [     9] - INFO  - [Unity.Licensing.Client.Communication.ApiPipeHandler#1] REQ-21 | Sending EntitlementDetailsResponse for request EntitlementDetailsRequest from Hub 3.14.1 (LocalIPC/1.17.1) [404]:  Found 0 entitlement groups and 0 free entitlements matching requested entitlement ids
2025-10-14 09:34:08.529 - [ 11828] - [     9] - INFO  - [Unity.Licensing.Client.Communication.Controllers.EntitlementDetailsController] Finished handling EntitlementDetails request
2025-10-14 09:34:08.529 - [ 11828] - [     9] - INFO  - [Unity.Licensing.Client.Communication.ApiPipeHandler#1] REQ-22 | Sending EntitlementDetailsResponse for request EntitlementDetailsRequest from Hub 3.14.1 (LocalIPC/1.17.1) [404]:  Found 0 entitlement groups and 0 free entitlements matching requested entitlement ids
2025-10-14 09:34:35.856 - [ 11828] - [     9] - INFO  - [Unity.Licensing.Client.Communication.Controllers.EntitlementDetailsController] Finished handling EntitlementDetails request
2025-10-14 09:34:35.856 - [ 11828] - [     9] - INFO  - [Unity.Licensing.Client.Communication.ApiPipeHandler#1] REQ-23 | Sending EntitlementDetailsResponse for request EntitlementDetailsRequest from Hub 3.14.1 (LocalIPC/1.17.1) [404]:  Found 0 entitlement groups and 0 free entitlements matching requested entitlement ids
2025-10-14 09:38:27.535 - [ 11828] - [     9] - INFO  - [Unity.Licensing.Client.Communication.Controllers.EntitlementDetailsController] Finished handling EntitlementDetails request
2025-10-14 09:38:27.536 - [ 11828] - [     9] - INFO  - [Unity.Licensing.Client.Communication.ApiPipeHandler#1] REQ-24 | Sending EntitlementDetailsResponse for request EntitlementDetailsRequest from Hub 3.14.1 (LocalIPC/1.17.1) [404]:  Found 0 entitlement groups and 0 free entitlements matching requested entitlement ids
2025-10-14 09:38:42.027 - [ 11828] - [     9] - INFO  - [Unity.Licensing.Client.Communication.Controllers.EntitlementDetailsController] Finished handling EntitlementDetails request
2025-10-14 09:38:42.027 - [ 11828] - [     9] - INFO  - [Unity.Licensing.Client.Communication.ApiPipeHandler#1] REQ-25 | Sending EntitlementDetailsResponse for request EntitlementDetailsRequest from Hub 3.14.1 (LocalIPC/1.17.1) [404]:  Found 0 entitlement groups and 0 free entitlements matching requested entitlement ids
2025-10-14 09:40:19.378 - [ 11828] - [     9] - INFO  - [Unity.Licensing.Client.Communication.Controllers.EntitlementDetailsController] Finished handling EntitlementDetails request
2025-10-14 09:40:19.378 - [ 11828] - [     9] - INFO  - [Unity.Licensing.Client.Communication.ApiPipeHandler#1] REQ-26 | Sending EntitlementDetailsResponse for request EntitlementDetailsRequest from Hub 3.14.1 (LocalIPC/1.17.1) [404]:  Found 0 entitlement groups and 0 free entitlements matching requested entitlement ids
2025-10-14 09:40:34.319 - [ 11828] - [     9] - INFO  - [Unity.Licensing.Client.Communication.Controllers.EntitlementDetailsController] Finished handling EntitlementDetails request
2025-10-14 09:40:34.319 - [ 11828] - [     9] - INFO  - [Unity.Licensing.Client.Communication.ApiPipeHandler#1] REQ-27 | Sending EntitlementDetailsResponse for request EntitlementDetailsRequest from Hub 3.14.1 (LocalIPC/1.17.1) [404]:  Found 0 entitlement groups and 0 free entitlements matching requested entitlement ids
2025-10-14 09:46:04.524 - [ 11828] - [     9] - INFO  - [Unity.Licensing.Client.Communication.ApiPipeHandler#1] REQ-28 | Sending EntitlementsResponse for request EntitlementsRequest from Hub 3.14.1 (LocalIPC/1.17.1) [200]:  Found 1 entitlements
2025-10-14 09:46:16.338 - [ 11828] - [     9] - INFO  - [Unity.Licensing.Client.Services.Helpers.LicenseFilesMapper] Successfully parsed license /home/tantao/.config/unity3d/Unity/licenses/UnityEntitlementLicense.xml
2025-10-14 09:46:16.338 - [ 11828] - [     9] - INFO  - [Unity.Licensing.Client.Services.EntitlementResolverProvider] Rebuilding resolvers from local files:  /home/tantao/.config/unity3d/Unity/licenses/UnityEntitlementLicense.xml
2025-10-14 09:46:16.338 - [ 11828] - [     9] - INFO  - [Unity.Licensing.Client.Services.EntitlementResolverProvider] Processing license /home/tantao/.config/unity3d/Unity/licenses/UnityEntitlementLicense.xml
2025-10-14 09:46:16.338 - [ 11828] - [     9] - INFO  - [Unity.Licensing.Client.Services.EntitlementResolverProvider] Processed 1 license files in 00:00:00.0000482
2025-10-14 09:46:16.342 - [ 11828] - [     9] - INFO  - [Unity.Licensing.Client.Services.Helpers.LicenseFilesMapper] Successfully parsed license /home/tantao/.config/unity3d/Unity/licenses/UnityEntitlementLicense.xml
2025-10-14 09:46:16.342 - [ 11828] - [     9] - INFO  - [Unity.Licensing.Client.Services.EntitlementResolverProvider] Rebuilding resolvers from local files:  /home/tantao/.config/unity3d/Unity/licenses/UnityEntitlementLicense.xml
2025-10-14 09:46:16.342 - [ 11828] - [     9] - INFO  - [Unity.Licensing.Client.Services.EntitlementResolverProvider] Processing license /home/tantao/.config/unity3d/Unity/licenses/UnityEntitlementLicense.xml
2025-10-14 09:46:16.342 - [ 11828] - [     9] - INFO  - [Unity.Licensing.Client.Services.EntitlementResolverProvider] Processed 1 license files in 00:00:00.0000307
2025-10-14 09:46:16.342 - [ 11828] - [     9] - INFO  - [Unity.Licensing.Client.Communication.ApiPipeHandler#1] REQ-29 | Sending EntitlementGroupsDetailsResponse for request EntitlementGroupsDetailsRequest from Hub 3.14.1 (LocalIPC/1.17.1) [200]:  Success, found: 1 groups
2025-10-14 09:46:16.369 - [ 11828] - [     9] - INFO  - [Unity.Licensing.Client.Communication.ApiPipeHandler#1] REQ-30 | Sending EntitlementsResponse for request EntitlementsRequest from Hub 3.14.1 (LocalIPC/1.17.1) [200]:  Found 1 entitlements
2025-10-14 09:47:34.643 - [ 11828] - [     9] - INFO  - [Unity.Licensing.Client.Communication.ApiPipeHandler#1] REQ-31 | Sending EntitlementsResponse for request EntitlementsRequest from Hub 3.14.1 (LocalIPC/1.17.1) [200]:  Found 1 entitlements
2025-10-14 09:47:34.656 - [ 11828] - [     9] - INFO  - [Unity.Licensing.Client.Communication.ApiPipeHandler#1] REQ-32 | Sending EntitlementsResponse for request EntitlementsRequest from Hub 3.14.1 (LocalIPC/1.17.1) [200]:  Found 1 entitlements
2025-10-14 09:47:34.749 - [ 11828] - [.NET Long Running Task] - INFO  - [Unity.Licensing.Client.MultiClientPipeServer] Waiting for a connection (pipe #3)
2025-10-14 09:47:34.751 - [ 11828] - [    29] - INFO  - [Unity.Licensing.Client.Communication.ApiPipeHandler#2] new pipe session: 0c93bc21ae5141e9894638e201b53549
2025-10-14 09:47:34.751 - [ 11828] - [    29] - INFO  - [Unity.Licensing.Client.MultiClientPipeServer] A new client is connecting (pipe #2)
2025-10-14 09:47:34.751 - [ 11828] - [    29] - INFO  - [Unity.Licensing.Client.Communication.ApiPipeHandler#2] Start accepting requests
2025-10-14 09:47:34.759 - [ 11828] - [    29] - INFO  - [Unity.Licensing.Client.Communication.Controllers.HandshakeController] Received handshake from: UnityEditor/2022.3.62f2c1 (Linux; U; Linux 6.1; en_US) (LocalIPC/1.16.2)
2025-10-14 09:47:34.759 - [ 11828] - [    29] - INFO  - [Unity.Licensing.Client.Communication.ApiPipeHandler#2] REQ-1 | Sending HandshakeResponse for request HandshakeRequest from UnityEditor/2022.3.62f2c1 (Linux; U; Linux 6.1; en_US) (LocalIPC/1.16.2) [200]:  Handshake successful
2025-10-14 09:47:34.760 - [ 11828] - [.NET Long Running Task] - INFO  - [Unity.Licensing.Client.Communication.Notifications.NotificationsPipeServer] Waiting for a connection (pipe #3)
2025-10-14 09:47:34.760 - [ 11828] - [    38] - INFO  - [Unity.Licensing.Client.Communication.Notifications.NotificationsPipeServer] A new client is connecting (pipe #2)
2025-10-14 09:47:34.771 - [ 11828] - [    29] - INFO  - [Unity.Licensing.Client.Communication.Controllers.AccessTokenController] Got access token (expires in 31535999 seconds)
2025-10-14 09:47:34.771 - [ 11828] - [    29] - INFO  - [Unity.Licensing.Client.Communication.ApiPipeHandler#2] REQ-2 | Sending AccessTokenResponse for request AccessTokenRequest from UnityEditor/2022.3.62f2c1 (Linux; U; Linux 6.1; en_US) (LocalIPC/1.16.2) [200]:  (null)
2025-10-14 09:47:34.785 - [ 11828] - [    29] - INFO  - [Unity.Licensing.Client.Services.Licensing.GenesisLicensingService] Attempting to contact genesis update license api
2025-10-14 09:47:35.061 - [ 11828] - [    36] - INFO  - [Unity.Licensing.Client.Services.Licensing.GenesisLicensingService] Trying to write updated entitlement license file...
2025-10-14 09:47:35.061 - [ 11828] - [    36] - INFO  - [Unity.Licensing.Client.Services.Licensing.GenesisLicensingService] Successfully updated license file
2025-10-14 09:47:35.065 - [ 11828] - [    29] - INFO  - [Unity.Licensing.Client.Services.Helpers.LicenseFilesMapper] Successfully parsed license /home/tantao/.config/unity3d/Unity/licenses/UnityEntitlementLicense.xml
2025-10-14 09:47:35.066 - [ 11828] - [    29] - INFO  - [Unity.Licensing.Client.Services.EntitlementResolverProvider] Rebuilding resolvers from local files:  /home/tantao/.config/unity3d/Unity/licenses/UnityEntitlementLicense.xml
2025-10-14 09:47:35.066 - [ 11828] - [    29] - INFO  - [Unity.Licensing.Client.Services.EntitlementResolverProvider] Processing license /home/tantao/.config/unity3d/Unity/licenses/UnityEntitlementLicense.xml
2025-10-14 09:47:35.066 - [ 11828] - [    29] - INFO  - [Unity.Licensing.Client.Services.EntitlementResolverProvider] Processed 1 license files in 00:00:00.0000456
2025-10-14 09:47:35.067 - [ 11828] - [    29] - INFO  - [Unity.Licensing.Client.Services.LicenseOfflineValidityEndingPeriodicNotifierService] OnEntitlementResolverUpdated, will restart timer
2025-10-14 09:47:35.067 - [ 11828] - [    29] - ERROR - [Unity.Licensing.Client.Communication.Controllers.UpdateLicenseController] ulf update failed. Details: No ULF license found.
2025-10-14 09:47:35.067 - [ 11828] - [    38] - INFO  - [Unity.Licensing.Client.Services.LicenseOfflineValidityEndingPeriodicNotifierService] Will execute periodic notification again in 22.17:11:24.9324137
2025-10-14 09:47:35.067 - [ 11828] - [    29] - INFO  - [Unity.Licensing.Client.Communication.ApiPipeHandler#2] REQ-3 | Sending UpdateLicenseResponse for request UpdateLicenseRequest from UnityEditor/2022.3.62f2c1 (Linux; U; Linux 6.1; en_US) (LocalIPC/1.16.2) [200]:  Licenses updated.
2025-10-14 09:47:35.079 - [ 11828] - [    29] - INFO  - [Unity.Licensing.Client.Communication.Controllers.EntitlementDetailsController] Finished handling EntitlementDetails request
2025-10-14 09:47:35.080 - [ 11828] - [    29] - INFO  - [Unity.Licensing.Client.Communication.ApiPipeHandler#2] REQ-4 | Sending EntitlementDetailsResponse for request EntitlementDetailsRequest from UnityEditor/2022.3.62f2c1 (Linux; U; Linux 6.1; en_US) (LocalIPC/1.16.2) [200]:  Found 1 entitlement groups and 0 free entitlements matching requested entitlement ids
2025-10-14 09:47:35.340 - [ 11828] - [    29] - INFO  - [Unity.Licensing.Client.Communication.Controllers.EntitlementDetailsController] Finished handling EntitlementDetails request
2025-10-14 09:47:35.340 - [ 11828] - [    29] - INFO  - [Unity.Licensing.Client.Communication.ApiPipeHandler#2] REQ-5 | Sending EntitlementDetailsResponse for request EntitlementDetailsRequest from UnityEditor/2022.3.62f2c1 (Linux; U; Linux 6.1; en_US) (LocalIPC/1.16.2) [200]:  Found 1 entitlement groups and 0 free entitlements matching requested entitlement ids
2025-10-14 09:47:42.839 - [ 11828] - [    29] - INFO  - [Unity.Licensing.Client.Communication.Controllers.EntitlementDetailsController] Finished handling EntitlementDetails request
2025-10-14 09:47:42.839 - [ 11828] - [    29] - INFO  - [Unity.Licensing.Client.Communication.ApiPipeHandler#2] REQ-6 | Sending EntitlementDetailsResponse for request EntitlementDetailsRequest from UnityEditor/2022.3.62f2c1 (Linux; U; Linux 6.1; en_US) (LocalIPC/1.16.2) [200]:  Found 0 entitlement groups and 47 free entitlements matching requested entitlement ids
2025-10-14 09:47:42.991 - [ 11828] - [    29] - INFO  - [Unity.Licensing.Client.Communication.Controllers.EntitlementDetailsController] Finished handling EntitlementDetails request
2025-10-14 09:47:42.991 - [ 11828] - [    29] - INFO  - [Unity.Licensing.Client.Communication.ApiPipeHandler#2] REQ-7 | Sending EntitlementDetailsResponse for request EntitlementDetailsRequest from UnityEditor/2022.3.62f2c1 (Linux; U; Linux 6.1; en_US) (LocalIPC/1.16.2) [200]:  Found 1 entitlement groups and 0 free entitlements matching requested entitlement ids
2025-10-14 09:47:51.036 - [ 11828] - [    29] - INFO  - [Unity.Licensing.Client.Communication.Controllers.EntitlementDetailsController] Finished handling EntitlementDetails request
2025-10-14 09:47:51.036 - [ 11828] - [    29] - INFO  - [Unity.Licensing.Client.Communication.ApiPipeHandler#2] REQ-8 | Sending EntitlementDetailsResponse for request EntitlementDetailsRequest from UnityEditor/2022.3.62f2c1 (Linux; U; Linux 6.1; en_US) (LocalIPC/1.16.2) [200]:  Found 0 entitlement groups and 1 free entitlements matching requested entitlement ids
2025-10-14 09:47:51.234 - [ 11828] - [    29] - INFO  - [Unity.Licensing.Client.Communication.Controllers.EntitlementDetailsController] Finished handling EntitlementDetails request
2025-10-14 09:47:51.234 - [ 11828] - [    29] - INFO  - [Unity.Licensing.Client.Communication.ApiPipeHandler#2] REQ-9 | Sending EntitlementDetailsResponse for request EntitlementDetailsRequest from UnityEditor/2022.3.62f2c1 (Linux; U; Linux 6.1; en_US) (LocalIPC/1.16.2) [200]:  Found 1 entitlement groups and 0 free entitlements matching requested entitlement ids
2025-10-14 09:47:51.608 - [ 11828] - [    29] - INFO  - [Unity.Licensing.Client.Communication.Controllers.EntitlementDetailsController] Finished handling EntitlementDetails request
2025-10-14 09:47:51.608 - [ 11828] - [    29] - INFO  - [Unity.Licensing.Client.Communication.ApiPipeHandler#2] REQ-10 | Sending EntitlementDetailsResponse for request EntitlementDetailsRequest from UnityEditor/2022.3.62f2c1 (Linux; U; Linux 6.1; en_US) (LocalIPC/1.16.2) [200]:  Found 0 entitlement groups and 50 free entitlements matching requested entitlement ids
2025-10-14 09:47:59.664 - [ 11828] - [    29] - INFO  - [Unity.Licensing.Client.Communication.Controllers.EntitlementDetailsController] Finished handling EntitlementDetails request
2025-10-14 09:47:59.664 - [ 11828] - [    29] - INFO  - [Unity.Licensing.Client.Communication.ApiPipeHandler#2] REQ-11 | Sending EntitlementDetailsResponse for request EntitlementDetailsRequest from UnityEditor/2022.3.62f2c1 (Linux; U; Linux 6.1; en_US) (LocalIPC/1.16.2) [200]:  Found 1 entitlement groups and 0 free entitlements matching requested entitlement ids
2025-10-14 09:48:14.217 - [ 11828] - [    29] - INFO  - [Unity.Licensing.Client.Communication.Controllers.AccessTokenController] Got access token (expires in 31535999 seconds)
2025-10-14 09:48:14.218 - [ 11828] - [    29] - INFO  - [Unity.Licensing.Client.Communication.ApiPipeHandler#2] REQ-12 | Sending AccessTokenResponse for request AccessTokenRequest from UnityEditor/2022.3.62f2c1 (Linux; U; Linux 6.1; en_US) (LocalIPC/1.16.2) [200]:  (null)
2025-10-14 09:48:14.238 - [ 11828] - [    29] - INFO  - [Unity.Licensing.Client.Communication.Controllers.EntitlementDetailsController] Finished handling EntitlementDetails request
2025-10-14 09:48:14.238 - [ 11828] - [    29] - INFO  - [Unity.Licensing.Client.Communication.ApiPipeHandler#2] REQ-13 | Sending EntitlementDetailsResponse for request EntitlementDetailsRequest from UnityEditor/2022.3.62f2c1 (Linux; U; Linux 6.1; en_US) (LocalIPC/1.16.2) [200]:  Found 0 entitlement groups and 165 free entitlements matching requested entitlement ids
2025-10-14 09:48:21.002 - [ 11828] - [    29] - INFO  - [Unity.Licensing.Client.Communication.Controllers.AccessTokenController] Got access token (expires in 31535998 seconds)
2025-10-14 09:48:21.002 - [ 11828] - [    29] - INFO  - [Unity.Licensing.Client.Communication.ApiPipeHandler#2] REQ-14 | Sending AccessTokenResponse for request AccessTokenRequest from UnityEditor/2022.3.62f2c1 (Linux; U; Linux 6.1; en_US) (LocalIPC/1.16.2) [200]:  (null)
2025-10-14 09:56:17.121 - [ 11828] - [    38] - INFO  - [Unity.Licensing.Client.Communication.Notifications.NotificationsPipeHandler#2] Notification channel with sessionId: 45770434cff844d4a340893d850647d3 is shutting down
2025-10-14 09:56:17.121 - [ 11828] - [    38] - INFO  - [Unity.Licensing.Client.Communication.Notifications.NotificationsPipeServer] Connection closed (pipe #2)
2025-10-14 09:56:17.121 - [ 11828] - [    29] - INFO  - [Unity.Licensing.Client.Communication.ApiPipeHandler#2] Detected client disconnect
2025-10-14 09:56:17.121 - [ 11828] - [    29] - INFO  - [Unity.Licensing.Client.Communication.ApiPipeHandler#2] End accepting requests
2025-10-14 09:56:17.121 - [ 11828] - [    29] - INFO  - [Unity.Licensing.Client.MultiClientPipeServer] Connection closed (pipe #2)
2025-10-14 09:56:17.122 - [ 11828] - [    29] - INFO  - [Unity.Licensing.Client.Communication.ApiPipeHandler#2] Disposing named pipe
2025-10-14 09:56:17.122 - [ 11828] - [    29] - INFO  - [Unity.Licensing.Client.Communication.ApiPipeHandler#2] Disposing named pipe
2025-10-14 09:56:28.623 - [ 11828] - [.NET Long Running Task] - INFO  - [Unity.Licensing.Client.MultiClientPipeServer] Waiting for a connection (pipe #4)
2025-10-14 09:56:28.624 - [ 11828] - [    29] - INFO  - [Unity.Licensing.Client.Communication.ApiPipeHandler#3] new pipe session: 87569cc425134195948e67032d4434fd
2025-10-14 09:56:28.624 - [ 11828] - [    29] - INFO  - [Unity.Licensing.Client.MultiClientPipeServer] A new client is connecting (pipe #3)
2025-10-14 09:56:28.624 - [ 11828] - [    29] - INFO  - [Unity.Licensing.Client.Communication.ApiPipeHandler#3] Start accepting requests
2025-10-14 09:56:28.633 - [ 11828] - [    29] - INFO  - [Unity.Licensing.Client.Communication.Controllers.HandshakeController] Received handshake from: UnityEditor/2022.3.62f2c1 (Linux; U; Linux 6.1; en_US) (LocalIPC/1.16.2)
2025-10-14 09:56:28.633 - [ 11828] - [    29] - INFO  - [Unity.Licensing.Client.Communication.ApiPipeHandler#3] REQ-1 | Sending HandshakeResponse for request HandshakeRequest from UnityEditor/2022.3.62f2c1 (Linux; U; Linux 6.1; en_US) (LocalIPC/1.16.2) [200]:  Handshake successful
2025-10-14 09:56:28.634 - [ 11828] - [.NET Long Running Task] - INFO  - [Unity.Licensing.Client.Communication.Notifications.NotificationsPipeServer] Waiting for a connection (pipe #4)
2025-10-14 09:56:28.634 - [ 11828] - [    40] - INFO  - [Unity.Licensing.Client.Communication.Notifications.NotificationsPipeServer] A new client is connecting (pipe #3)
2025-10-14 09:56:28.644 - [ 11828] - [    29] - INFO  - [Unity.Licensing.Client.Services.Licensing.GenesisLicensingService] Attempting to contact genesis update license api
2025-10-14 09:56:29.065 - [ 11828] - [    38] - INFO  - [Unity.Licensing.Client.Services.Licensing.GenesisLicensingService] Trying to write updated entitlement license file...
2025-10-14 09:56:29.066 - [ 11828] - [    38] - INFO  - [Unity.Licensing.Client.Services.Licensing.GenesisLicensingService] Successfully updated license file
2025-10-14 09:56:29.070 - [ 11828] - [    29] - INFO  - [Unity.Licensing.Client.Services.Helpers.LicenseFilesMapper] Successfully parsed license /home/tantao/.config/unity3d/Unity/licenses/UnityEntitlementLicense.xml
2025-10-14 09:56:29.070 - [ 11828] - [    29] - INFO  - [Unity.Licensing.Client.Services.EntitlementResolverProvider] Rebuilding resolvers from local files:  /home/tantao/.config/unity3d/Unity/licenses/UnityEntitlementLicense.xml
2025-10-14 09:56:29.070 - [ 11828] - [    29] - INFO  - [Unity.Licensing.Client.Services.EntitlementResolverProvider] Processing license /home/tantao/.config/unity3d/Unity/licenses/UnityEntitlementLicense.xml
2025-10-14 09:56:29.070 - [ 11828] - [    29] - INFO  - [Unity.Licensing.Client.Services.EntitlementResolverProvider] Processed 1 license files in 00:00:00.0000483
2025-10-14 09:56:29.070 - [ 11828] - [    29] - INFO  - [Unity.Licensing.Client.Services.LicenseOfflineValidityEndingPeriodicNotifierService] OnEntitlementResolverUpdated, will restart timer
2025-10-14 09:56:29.070 - [ 11828] - [    29] - ERROR - [Unity.Licensing.Client.Communication.Controllers.UpdateLicenseController] ulf update failed. Details: No ULF license found.
2025-10-14 09:56:29.070 - [ 11828] - [    29] - INFO  - [Unity.Licensing.Client.Communication.ApiPipeHandler#3] REQ-2 | Sending UpdateLicenseResponse for request UpdateLicenseRequest from UnityEditor/2022.3.62f2c1 (Linux; U; Linux 6.1; en_US) (LocalIPC/1.16.2) [200]:  Licenses updated.
2025-10-14 09:56:29.070 - [ 11828] - [    38] - INFO  - [Unity.Licensing.Client.Services.LicenseOfflineValidityEndingPeriodicNotifierService] Will execute periodic notification again in 22.17:02:30.9293773
2025-10-14 09:56:29.081 - [ 11828] - [    29] - INFO  - [Unity.Licensing.Client.Communication.Controllers.EntitlementDetailsController] Finished handling EntitlementDetails request
2025-10-14 09:56:29.081 - [ 11828] - [    29] - INFO  - [Unity.Licensing.Client.Communication.ApiPipeHandler#3] REQ-3 | Sending EntitlementDetailsResponse for request EntitlementDetailsRequest from UnityEditor/2022.3.62f2c1 (Linux; U; Linux 6.1; en_US) (LocalIPC/1.16.2) [200]:  Found 1 entitlement groups and 0 free entitlements matching requested entitlement ids
2025-10-14 09:56:29.427 - [ 11828] - [    29] - INFO  - [Unity.Licensing.Client.Communication.Controllers.EntitlementDetailsController] Finished handling EntitlementDetails request
2025-10-14 09:56:29.427 - [ 11828] - [    29] - INFO  - [Unity.Licensing.Client.Communication.ApiPipeHandler#3] REQ-4 | Sending EntitlementDetailsResponse for request EntitlementDetailsRequest from UnityEditor/2022.3.62f2c1 (Linux; U; Linux 6.1; en_US) (LocalIPC/1.16.2) [200]:  Found 1 entitlement groups and 0 free entitlements matching requested entitlement ids
2025-10-14 09:56:30.569 - [ 11828] - [     9] - INFO  - [Unity.Licensing.Client.Communication.Controllers.EntitlementDetailsController] Finished handling EntitlementDetails request
2025-10-14 09:56:30.569 - [ 11828] - [     9] - INFO  - [Unity.Licensing.Client.Communication.ApiPipeHandler#1] REQ-33 | Sending EntitlementDetailsResponse for request EntitlementDetailsRequest from Hub 3.14.1 (LocalIPC/1.17.1) [404]:  Found 0 entitlement groups and 0 free entitlements matching requested entitlement ids
2025-10-14 09:56:30.600 - [ 11828] - [     9] - INFO  - [Unity.Licensing.Client.Communication.Controllers.EntitlementDetailsController] Finished handling EntitlementDetails request
2025-10-14 09:56:30.600 - [ 11828] - [     9] - INFO  - [Unity.Licensing.Client.Communication.ApiPipeHandler#1] REQ-34 | Sending EntitlementDetailsResponse for request EntitlementDetailsRequest from Hub 3.14.1 (LocalIPC/1.17.1) [404]:  Found 0 entitlement groups and 0 free entitlements matching requested entitlement ids
2025-10-14 09:56:30.610 - [ 11828] - [     9] - INFO  - [Unity.Licensing.Client.Services.Helpers.LicenseFilesMapper] Successfully parsed license /home/tantao/.config/unity3d/Unity/licenses/UnityEntitlementLicense.xml
2025-10-14 09:56:30.610 - [ 11828] - [     9] - INFO  - [Unity.Licensing.Client.Services.EntitlementResolverProvider] Rebuilding resolvers from local files:  /home/tantao/.config/unity3d/Unity/licenses/UnityEntitlementLicense.xml
2025-10-14 09:56:30.610 - [ 11828] - [     9] - INFO  - [Unity.Licensing.Client.Services.EntitlementResolverProvider] Processing license /home/tantao/.config/unity3d/Unity/licenses/UnityEntitlementLicense.xml
2025-10-14 09:56:30.611 - [ 11828] - [     9] - INFO  - [Unity.Licensing.Client.Services.EntitlementResolverProvider] Processed 1 license files in 00:00:00.0000712
2025-10-14 09:56:30.618 - [ 11828] - [     9] - INFO  - [Unity.Licensing.Client.Services.Helpers.LicenseFilesMapper] Successfully parsed license /home/tantao/.config/unity3d/Unity/licenses/UnityEntitlementLicense.xml
2025-10-14 09:56:30.619 - [ 11828] - [     9] - INFO  - [Unity.Licensing.Client.Services.EntitlementResolverProvider] Rebuilding resolvers from local files:  /home/tantao/.config/unity3d/Unity/licenses/UnityEntitlementLicense.xml
2025-10-14 09:56:30.619 - [ 11828] - [     9] - INFO  - [Unity.Licensing.Client.Services.EntitlementResolverProvider] Processing license /home/tantao/.config/unity3d/Unity/licenses/UnityEntitlementLicense.xml
2025-10-14 09:56:30.619 - [ 11828] - [     9] - INFO  - [Unity.Licensing.Client.Services.EntitlementResolverProvider] Processed 1 license files in 00:00:00.0000399
2025-10-14 09:56:30.619 - [ 11828] - [     9] - INFO  - [Unity.Licensing.Client.Communication.ApiPipeHandler#1] REQ-35 | Sending EntitlementGroupsDetailsResponse for request EntitlementGroupsDetailsRequest from Hub 3.14.1 (LocalIPC/1.17.1) [200]:  Success, found: 1 groups
2025-10-14 09:56:30.632 - [ 11828] - [     9] - INFO  - [Unity.Licensing.Client.Communication.ApiPipeHandler#1] REQ-36 | Sending EntitlementsResponse for request EntitlementsRequest from Hub 3.14.1 (LocalIPC/1.17.1) [200]:  Found 1 entitlements
2025-10-14 09:56:34.760 - [ 11828] - [     9] - INFO  - [Unity.Licensing.Client.Communication.ApiPipeHandler#1] REQ-37 | Sending EntitlementsResponse for request EntitlementsRequest from Hub 3.14.1 (LocalIPC/1.17.1) [200]:  Found 1 entitlements
2025-10-14 09:56:34.803 - [ 11828] - [     9] - INFO  - [Unity.Licensing.Client.Communication.Controllers.EntitlementDetailsController] Finished handling EntitlementDetails request
2025-10-14 09:56:34.803 - [ 11828] - [     9] - INFO  - [Unity.Licensing.Client.Communication.ApiPipeHandler#1] REQ-38 | Sending EntitlementDetailsResponse for request EntitlementDetailsRequest from Hub 3.14.1 (LocalIPC/1.17.1) [404]:  Found 0 entitlement groups and 0 free entitlements matching requested entitlement ids
2025-10-14 09:56:39.630 - [ 11828] - [    44] - INFO  - [Unity.Licensing.Client.Communication.Notifications.NotificationsPipeHandler#3] Notification channel with sessionId: 0a54e2461d0047f195d13e3e3097e3e7 is shutting down
2025-10-14 09:56:39.630 - [ 11828] - [    44] - INFO  - [Unity.Licensing.Client.Communication.Notifications.NotificationsPipeServer] Connection closed (pipe #3)
2025-10-14 09:56:39.630 - [ 11828] - [    29] - INFO  - [Unity.Licensing.Client.Communication.ApiPipeHandler#3] Detected client disconnect
2025-10-14 09:56:39.630 - [ 11828] - [    29] - INFO  - [Unity.Licensing.Client.Communication.ApiPipeHandler#3] End accepting requests
2025-10-14 09:56:39.630 - [ 11828] - [    29] - INFO  - [Unity.Licensing.Client.MultiClientPipeServer] Connection closed (pipe #3)
2025-10-14 09:56:39.631 - [ 11828] - [    29] - INFO  - [Unity.Licensing.Client.Communication.ApiPipeHandler#3] Disposing named pipe
2025-10-14 09:56:39.631 - [ 11828] - [    29] - INFO  - [Unity.Licensing.Client.Communication.ApiPipeHandler#3] Disposing named pipe
2025-10-14 09:56:50.763 - [ 11828] - [     9] - INFO  - [Unity.Licensing.Client.Communication.Controllers.EntitlementDetailsController] Finished handling EntitlementDetails request
2025-10-14 09:56:50.763 - [ 11828] - [     9] - INFO  - [Unity.Licensing.Client.Communication.ApiPipeHandler#1] REQ-39 | Sending EntitlementDetailsResponse for request EntitlementDetailsRequest from Hub 3.14.1 (LocalIPC/1.17.1) [404]:  Found 0 entitlement groups and 0 free entitlements matching requested entitlement ids
2025-10-14 09:56:55.521 - [ 11828] - [     9] - INFO  - [Unity.Licensing.Client.Communication.ApiPipeHandler#1] REQ-40 | Sending EntitlementsResponse for request EntitlementsRequest from Hub 3.14.1 (LocalIPC/1.17.1) [200]:  Found 1 entitlements
2025-10-14 09:56:55.535 - [ 11828] - [     9] - INFO  - [Unity.Licensing.Client.Communication.ApiPipeHandler#1] REQ-41 | Sending EntitlementsResponse for request EntitlementsRequest from Hub 3.14.1 (LocalIPC/1.17.1) [200]:  Found 1 entitlements
2025-10-14 09:56:55.587 - [ 11828] - [.NET Long Running Task] - INFO  - [Unity.Licensing.Client.MultiClientPipeServer] Waiting for a connection (pipe #5)
2025-10-14 09:56:55.587 - [ 11828] - [    44] - INFO  - [Unity.Licensing.Client.Communication.ApiPipeHandler#4] new pipe session: 841fd757c75644c5a7ab0189e0b1f715
2025-10-14 09:56:55.587 - [ 11828] - [    44] - INFO  - [Unity.Licensing.Client.MultiClientPipeServer] A new client is connecting (pipe #4)
2025-10-14 09:56:55.587 - [ 11828] - [    44] - INFO  - [Unity.Licensing.Client.Communication.ApiPipeHandler#4] Start accepting requests
2025-10-14 09:56:55.597 - [ 11828] - [    44] - INFO  - [Unity.Licensing.Client.Communication.Controllers.HandshakeController] Received handshake from: UnityEditor/2022.3.62f2c1 (Linux; U; Linux 6.1; en_US) (LocalIPC/1.16.2)
2025-10-14 09:56:55.597 - [ 11828] - [    44] - INFO  - [Unity.Licensing.Client.Communication.ApiPipeHandler#4] REQ-1 | Sending HandshakeResponse for request HandshakeRequest from UnityEditor/2022.3.62f2c1 (Linux; U; Linux 6.1; en_US) (LocalIPC/1.16.2) [200]:  Handshake successful
2025-10-14 09:56:55.597 - [ 11828] - [.NET Long Running Task] - INFO  - [Unity.Licensing.Client.Communication.Notifications.NotificationsPipeServer] Waiting for a connection (pipe #5)
2025-10-14 09:56:55.597 - [ 11828] - [    34] - INFO  - [Unity.Licensing.Client.Communication.Notifications.NotificationsPipeServer] A new client is connecting (pipe #4)
2025-10-14 09:56:55.607 - [ 11828] - [    44] - INFO  - [Unity.Licensing.Client.Communication.Controllers.AccessTokenController] Got access token (expires in 31535999 seconds)
2025-10-14 09:56:55.608 - [ 11828] - [    44] - INFO  - [Unity.Licensing.Client.Communication.ApiPipeHandler#4] REQ-2 | Sending AccessTokenResponse for request AccessTokenRequest from UnityEditor/2022.3.62f2c1 (Linux; U; Linux 6.1; en_US) (LocalIPC/1.16.2) [200]:  (null)
2025-10-14 09:56:55.618 - [ 11828] - [    44] - INFO  - [Unity.Licensing.Client.Services.Licensing.GenesisLicensingService] Attempting to contact genesis update license api
2025-10-14 09:56:55.911 - [ 11828] - [    34] - INFO  - [Unity.Licensing.Client.Services.Licensing.GenesisLicensingService] Trying to write updated entitlement license file...
2025-10-14 09:56:55.911 - [ 11828] - [    34] - INFO  - [Unity.Licensing.Client.Services.Licensing.GenesisLicensingService] Successfully updated license file
2025-10-14 09:56:55.918 - [ 11828] - [    44] - INFO  - [Unity.Licensing.Client.Services.Helpers.LicenseFilesMapper] Successfully parsed license /home/tantao/.config/unity3d/Unity/licenses/UnityEntitlementLicense.xml
2025-10-14 09:56:55.918 - [ 11828] - [    44] - INFO  - [Unity.Licensing.Client.Services.EntitlementResolverProvider] Rebuilding resolvers from local files:  /home/tantao/.config/unity3d/Unity/licenses/UnityEntitlementLicense.xml
2025-10-14 09:56:55.918 - [ 11828] - [    44] - INFO  - [Unity.Licensing.Client.Services.EntitlementResolverProvider] Processing license /home/tantao/.config/unity3d/Unity/licenses/UnityEntitlementLicense.xml
2025-10-14 09:56:55.918 - [ 11828] - [    44] - INFO  - [Unity.Licensing.Client.Services.EntitlementResolverProvider] Processed 1 license files in 00:00:00.0000966
2025-10-14 09:56:55.918 - [ 11828] - [    44] - INFO  - [Unity.Licensing.Client.Services.LicenseOfflineValidityEndingPeriodicNotifierService] OnEntitlementResolverUpdated, will restart timer
2025-10-14 09:56:55.918 - [ 11828] - [    44] - ERROR - [Unity.Licensing.Client.Communication.Controllers.UpdateLicenseController] ulf update failed. Details: No ULF license found.
2025-10-14 09:56:55.918 - [ 11828] - [    44] - INFO  - [Unity.Licensing.Client.Communication.ApiPipeHandler#4] REQ-3 | Sending UpdateLicenseResponse for request UpdateLicenseRequest from UnityEditor/2022.3.62f2c1 (Linux; U; Linux 6.1; en_US) (LocalIPC/1.16.2) [200]:  Licenses updated.
2025-10-14 09:56:55.918 - [ 11828] - [    34] - INFO  - [Unity.Licensing.Client.Services.LicenseOfflineValidityEndingPeriodicNotifierService] Will execute periodic notification again in 22.17:02:04.0810316
2025-10-14 09:56:55.929 - [ 11828] - [    44] - INFO  - [Unity.Licensing.Client.Communication.Controllers.EntitlementDetailsController] Finished handling EntitlementDetails request
2025-10-14 09:56:55.929 - [ 11828] - [    44] - INFO  - [Unity.Licensing.Client.Communication.ApiPipeHandler#4] REQ-4 | Sending EntitlementDetailsResponse for request EntitlementDetailsRequest from UnityEditor/2022.3.62f2c1 (Linux; U; Linux 6.1; en_US) (LocalIPC/1.16.2) [200]:  Found 1 entitlement groups and 0 free entitlements matching requested entitlement ids
2025-10-14 09:56:56.209 - [ 11828] - [    44] - INFO  - [Unity.Licensing.Client.Communication.Controllers.EntitlementDetailsController] Finished handling EntitlementDetails request
2025-10-14 09:56:56.209 - [ 11828] - [    44] - INFO  - [Unity.Licensing.Client.Communication.ApiPipeHandler#4] REQ-5 | Sending EntitlementDetailsResponse for request EntitlementDetailsRequest from UnityEditor/2022.3.62f2c1 (Linux; U; Linux 6.1; en_US) (LocalIPC/1.16.2) [200]:  Found 1 entitlement groups and 0 free entitlements matching requested entitlement ids
2025-10-14 09:56:56.432 - [ 11828] - [    44] - INFO  - [Unity.Licensing.Client.Communication.Controllers.EntitlementDetailsController] Finished handling EntitlementDetails request
2025-10-14 09:56:56.432 - [ 11828] - [    44] - INFO  - [Unity.Licensing.Client.Communication.ApiPipeHandler#4] REQ-6 | Sending EntitlementDetailsResponse for request EntitlementDetailsRequest from UnityEditor/2022.3.62f2c1 (Linux; U; Linux 6.1; en_US) (LocalIPC/1.16.2) [200]:  Found 0 entitlement groups and 50 free entitlements matching requested entitlement ids
2025-10-14 09:56:56.568 - [ 11828] - [    44] - INFO  - [Unity.Licensing.Client.Communication.Controllers.EntitlementDetailsController] Finished handling EntitlementDetails request
2025-10-14 09:56:56.568 - [ 11828] - [    44] - INFO  - [Unity.Licensing.Client.Communication.ApiPipeHandler#4] REQ-7 | Sending EntitlementDetailsResponse for request EntitlementDetailsRequest from UnityEditor/2022.3.62f2c1 (Linux; U; Linux 6.1; en_US) (LocalIPC/1.16.2) [200]:  Found 1 entitlement groups and 0 free entitlements matching requested entitlement ids
2025-10-14 09:56:57.038 - [ 11828] - [    44] - INFO  - [Unity.Licensing.Client.Communication.Controllers.EntitlementDetailsController] Finished handling EntitlementDetails request
2025-10-14 09:56:57.038 - [ 11828] - [    44] - INFO  - [Unity.Licensing.Client.Communication.ApiPipeHandler#4] REQ-8 | Sending EntitlementDetailsResponse for request EntitlementDetailsRequest from UnityEditor/2022.3.62f2c1 (Linux; U; Linux 6.1; en_US) (LocalIPC/1.16.2) [200]:  Found 1 entitlement groups and 0 free entitlements matching requested entitlement ids
2025-10-14 09:56:59.317 - [ 11828] - [    44] - INFO  - [Unity.Licensing.Client.Communication.Controllers.EntitlementDetailsController] Finished handling EntitlementDetails request
2025-10-14 09:56:59.317 - [ 11828] - [    44] - INFO  - [Unity.Licensing.Client.Communication.ApiPipeHandler#4] REQ-9 | Sending EntitlementDetailsResponse for request EntitlementDetailsRequest from UnityEditor/2022.3.62f2c1 (Linux; U; Linux 6.1; en_US) (LocalIPC/1.16.2) [200]:  Found 1 entitlement groups and 0 free entitlements matching requested entitlement ids
2025-10-14 09:57:00.653 - [ 11828] - [    44] - INFO  - [Unity.Licensing.Client.Communication.Controllers.AccessTokenController] Got access token (expires in 31535999 seconds)
2025-10-14 09:57:00.653 - [ 11828] - [    44] - INFO  - [Unity.Licensing.Client.Communication.ApiPipeHandler#4] REQ-10 | Sending AccessTokenResponse for request AccessTokenRequest from UnityEditor/2022.3.62f2c1 (Linux; U; Linux 6.1; en_US) (LocalIPC/1.16.2) [200]:  (null)
2025-10-14 09:57:01.056 - [ 11828] - [    44] - INFO  - [Unity.Licensing.Client.Communication.Controllers.AccessTokenController] Got access token (expires in 31535999 seconds)
2025-10-14 09:57:01.057 - [ 11828] - [    44] - INFO  - [Unity.Licensing.Client.Communication.ApiPipeHandler#4] REQ-11 | Sending AccessTokenResponse for request AccessTokenRequest from UnityEditor/2022.3.62f2c1 (Linux; U; Linux 6.1; en_US) (LocalIPC/1.16.2) [200]:  (null)
2025-10-14 09:58:01.889 - [ 11828] - [OpenTelemetry-BatchExportProcessor-BigQueryExporter] - ERROR - [Unity.Licensing.Analytics.Exporters.BigQueryExporter] The request was canceled due to the configured HttpClient.Timeout of 100 seconds elapsing.
2025-10-14 09:58:20.443 - [ 11828] - [    44] - INFO  - [Unity.Licensing.Client.Communication.Controllers.EntitlementDetailsController] Finished handling EntitlementDetails request
2025-10-14 09:58:20.443 - [ 11828] - [    44] - INFO  - [Unity.Licensing.Client.Communication.ApiPipeHandler#4] REQ-12 | Sending EntitlementDetailsResponse for request EntitlementDetailsRequest from UnityEditor/2022.3.62f2c1 (Linux; U; Linux 6.1; en_US) (LocalIPC/1.16.2) [200]:  Found 1 entitlement groups and 0 free entitlements matching requested entitlement ids
2025-10-14 10:00:13.597 - [ 11828] - [    44] - INFO  - [Unity.Licensing.Client.Communication.Controllers.EntitlementDetailsController] Finished handling EntitlementDetails request
2025-10-14 10:00:13.597 - [ 11828] - [    44] - INFO  - [Unity.Licensing.Client.Communication.ApiPipeHandler#4] REQ-13 | Sending EntitlementDetailsResponse for request EntitlementDetailsRequest from UnityEditor/2022.3.62f2c1 (Linux; U; Linux 6.1; en_US) (LocalIPC/1.16.2) [200]:  Found 1 entitlement groups and 0 free entitlements matching requested entitlement ids
2025-10-14 10:00:32.406 - [ 11828] - [    44] - INFO  - [Unity.Licensing.Client.Communication.Controllers.EntitlementDetailsController] Finished handling EntitlementDetails request
2025-10-14 10:00:32.406 - [ 11828] - [    44] - INFO  - [Unity.Licensing.Client.Communication.ApiPipeHandler#4] REQ-14 | Sending EntitlementDetailsResponse for request EntitlementDetailsRequest from UnityEditor/2022.3.62f2c1 (Linux; U; Linux 6.1; en_US) (LocalIPC/1.16.2) [200]:  Found 1 entitlement groups and 0 free entitlements matching requested entitlement ids
2025-10-14 10:03:03.109 - [ 11828] - [    44] - INFO  - [Unity.Licensing.Client.Communication.Controllers.EntitlementDetailsController] Finished handling EntitlementDetails request
2025-10-14 10:03:03.109 - [ 11828] - [    44] - INFO  - [Unity.Licensing.Client.Communication.ApiPipeHandler#4] REQ-15 | Sending EntitlementDetailsResponse for request EntitlementDetailsRequest from UnityEditor/2022.3.62f2c1 (Linux; U; Linux 6.1; en_US) (LocalIPC/1.16.2) [200]:  Found 0 entitlement groups and 1 free entitlements matching requested entitlement ids
2025-10-14 10:03:45.652 - [ 11828] - [    48] - INFO  - [Unity.Licensing.Client.Communication.Notifications.NotificationsPipeHandler#1] Notification channel with sessionId: b6fa40979e914d2bab52e147b3dfba8a is shutting down
2025-10-14 10:03:45.652 - [ 11828] - [     9] - INFO  - [Unity.Licensing.Client.Communication.ApiPipeHandler#1] Detected client disconnect
2025-10-14 10:03:45.653 - [ 11828] - [     9] - INFO  - [Unity.Licensing.Client.Communication.ApiPipeHandler#1] End accepting requests
2025-10-14 10:03:45.653 - [ 11828] - [     9] - INFO  - [Unity.Licensing.Client.MultiClientPipeServer] Connection closed (pipe #1)
2025-10-14 10:03:45.653 - [ 11828] - [    48] - INFO  - [Unity.Licensing.Client.Communication.Notifications.NotificationsPipeServer] Connection closed (pipe #1)
2025-10-14 10:03:45.653 - [ 11828] - [     9] - INFO  - [Unity.Licensing.Client.Communication.ApiPipeHandler#1] Disposing named pipe
2025-10-14 10:03:45.653 - [ 11828] - [     9] - INFO  - [Unity.Licensing.Client.Communication.ApiPipeHandler#1] Disposing named pipe
2025-10-14 10:31:37.578 - [ 11828] - [    54] - INFO  - [Unity.Licensing.Client.Configuration.ClientConfigurationLoader] Downloaded remote config from: "https://public-cdn.cloud.unity3d.com/config/production"
2025-10-14 10:31:37.578 - [ 11828] - [    54] - INFO  - [Unity.Licensing.Client.Configuration.ClientConfigurationLoader] Unity remote config is updated: "/home/tantao/.config/unity3d/Unity/config/production.json"
2025-10-14 10:33:20.504 - [ 11828] - [OpenTelemetry-BatchExportProcessor-BigQueryExporter] - ERROR - [Unity.Licensing.Analytics.Exporters.BigQueryExporter] The request was canceled due to the configured HttpClient.Timeout of 100 seconds elapsing.
2025-10-14 11:31:37.626 - [ 11828] - [    80] - INFO  - [Unity.Licensing.Client.Configuration.ClientConfigurationLoader] Downloaded remote config from: "https://public-cdn.cloud.unity3d.com/config/production"
2025-10-14 11:31:37.626 - [ 11828] - [    80] - INFO  - [Unity.Licensing.Client.Configuration.ClientConfigurationLoader] Unity remote config is updated: "/home/tantao/.config/unity3d/Unity/config/production.json"
2025-10-14 11:33:20.221 - [ 11828] - [OpenTelemetry-BatchExportProcessor-BigQueryExporter] - ERROR - [Unity.Licensing.Analytics.Exporters.BigQueryExporter] The request was canceled due to the configured HttpClient.Timeout of 100 seconds elapsing.
2025-10-14 12:31:37.575 - [ 11828] - [    71] - INFO  - [Unity.Licensing.Client.Configuration.ClientConfigurationLoader] Downloaded remote config from: "https://public-cdn.cloud.unity3d.com/config/production"
2025-10-14 12:31:37.575 - [ 11828] - [    71] - INFO  - [Unity.Licensing.Client.Configuration.ClientConfigurationLoader] Unity remote config is updated: "/home/tantao/.config/unity3d/Unity/config/production.json"
2025-10-14 12:33:22.419 - [ 11828] - [OpenTelemetry-BatchExportProcessor-BigQueryExporter] - ERROR - [Unity.Licensing.Analytics.Exporters.BigQueryExporter] The request was canceled due to the configured HttpClient.Timeout of 100 seconds elapsing.
2025-10-14 13:31:37.588 - [ 11828] - [    40] - INFO  - [Unity.Licensing.Client.Configuration.ClientConfigurationLoader] Downloaded remote config from: "https://public-cdn.cloud.unity3d.com/config/production"
2025-10-14 13:31:37.589 - [ 11828] - [    40] - INFO  - [Unity.Licensing.Client.Configuration.ClientConfigurationLoader] Unity remote config is updated: "/home/tantao/.config/unity3d/Unity/config/production.json"
2025-10-14 13:33:22.531 - [ 11828] - [OpenTelemetry-BatchExportProcessor-BigQueryExporter] - ERROR - [Unity.Licensing.Analytics.Exporters.BigQueryExporter] The request was canceled due to the configured HttpClient.Timeout of 100 seconds elapsing.
2025-10-14 14:31:37.672 - [ 11828] - [    32] - INFO  - [Unity.Licensing.Client.Configuration.ClientConfigurationLoader] Downloaded remote config from: "https://public-cdn.cloud.unity3d.com/config/production"
2025-10-14 14:31:37.672 - [ 11828] - [    32] - INFO  - [Unity.Licensing.Client.Configuration.ClientConfigurationLoader] Unity remote config is updated: "/home/tantao/.config/unity3d/Unity/config/production.json"
