[2025-10-12 12:35:05] 已切换壁纸：/home/tantao/Pictures/Wallpapers/MistyTrees.jpg
[2025-10-12 12:36:10] 已切换壁纸：/home/tantao/Pictures/Wallpapers/dreamlike.jpg
[2025-10-12 13:18:34] 已切换壁纸：/home/tantao/Pictures/Wallpapers/Aloe.jpg
[2025-10-12 13:56:45] 已切换壁纸：/home/tantao/Pictures/Wallpapers/pywallpaper.jpg
[2025-10-12 14:13:42] 已切换壁纸：/home/tantao/Pictures/Wallpapers/Aloe.jpg
[2025-10-12 15:07:00] 已切换壁纸：/home/tantao/Pictures/Wallpapers/leaves.jpg
[2025-10-12 15:24:45] 已切换壁纸：/home/tantao/Pictures/Wallpapers/Aloe.jpg
[2025-10-12 16:08:29] 已切换壁纸：/home/tantao/Pictures/Wallpapers/Sunset.jpg
[2025-10-12 18:21:55] 已切换壁纸：/home/tantao/Pictures/Wallpapers/leaves.jpg
[2025-10-12 19:22:22] 已切换壁纸：/home/tantao/Pictures/Wallpapers/Sunset.jpg
[2025-10-13 07:44:45] 已切换壁纸：/home/tantao/Pictures/Wallpapers/Aloe.jpg
[2025-10-13 08:46:26] 已切换壁纸：/home/tantao/Pictures/Wallpapers/pywallpaper.jpg
[2025-10-13 09:04:25] 已切换壁纸：/home/tantao/Pictures/Wallpapers/DSC02292-EDIT.jpg
[2025-10-13 10:28:47] 已切换壁纸：/home/tantao/Pictures/Wallpapers/leaves.jpg
[2025-10-13 10:43:09] 已切换壁纸：/home/tantao/Pictures/Wallpapers/Sunset.jpg
[2025-10-13 15:16:07] 已切换壁纸：/home/tantao/Pictures/Wallpapers/Sunset.jpg
[2025-10-13 15:53:00] 已切换壁纸：/home/tantao/Pictures/Wallpapers/DSC02292-EDIT.jpg
[2025-10-13 15:53:02] 已切换壁纸：/home/tantao/Pictures/Wallpapers/MistyTrees.jpg
[2025-10-13 15:53:11] 已切换壁纸：/home/tantao/Pictures/Wallpapers/MistyTrees.jpg
[2025-10-13 15:53:12] 已切换壁纸：/home/tantao/Pictures/Wallpapers/pywallpaper.jpg
[2025-10-13 15:53:49] 已切换壁纸：/home/tantao/Pictures/Wallpapers/pywallpaper.jpg
[2025-10-13 16:04:33] 已切换壁纸：/home/tantao/Pictures/Wallpapers/pywallpaper.jpg
[2025-10-13 16:04:35] 已切换壁纸：/home/tantao/Pictures/Wallpapers/leaves.jpg
[2025-10-13 16:04:38] 已切换壁纸：/home/tantao/Pictures/Wallpapers/leaves.jpg
[2025-10-13 16:04:39] 已切换壁纸：/home/tantao/Pictures/Wallpapers/Aloe.jpg
[2025-10-13 18:43:55] 已切换壁纸：/home/tantao/Pictures/Wallpapers/dreamlike.jpg
[2025-10-13 18:53:30] 已切换壁纸：/home/tantao/Pictures/Wallpapers/pywallpaper.jpg
[2025-10-13 19:08:24] 已切换壁纸：/home/tantao/Pictures/Wallpapers/pywallpaper.jpg
[2025-10-14 07:50:49] 已切换壁纸：/home/tantao/Pictures/Wallpapers/DSC02292-EDIT.jpg
[2025-10-14 08:56:31] 已切换壁纸：/home/tantao/Pictures/Wallpapers/MistyTrees.jpg
[2025-10-14 10:32:25] 已切换壁纸：/home/tantao/Pictures/Wallpapers/MistyTrees.jpg
